[debug] [2020-10-22T11:07:45.720Z] ----------------------------------------------------------------------
[debug] [2020-10-22T11:07:45.748Z] Command:       C:\Program Files\nodejs\node.exe C:\Users\JoY\AppData\Roaming\npm\node_modules\firebase-tools\lib\bin\firebase.js deploy
[debug] [2020-10-22T11:07:45.749Z] CLI Version:   8.13.0
[debug] [2020-10-22T11:07:45.749Z] Platform:      win32
[debug] [2020-10-22T11:07:45.750Z] Node Version:  v12.18.3
[debug] [2020-10-22T11:07:45.804Z] Time:          Thu Oct 22 2020 17:07:45 GMT+0600 (Bangladesh Standard Time)
[debug] [2020-10-22T11:07:45.804Z] ----------------------------------------------------------------------
[debug] [2020-10-22T11:07:45.805Z] 
[debug] [2020-10-22T11:07:45.861Z] > command requires scopes: ["email","openid","https://www.googleapis.com/auth/cloudplatformprojects.readonly","https://www.googleapis.com/auth/firebase","https://www.googleapis.com/auth/cloud-platform"]
[debug] [2020-10-22T11:07:45.862Z] > authorizing via signed-in user
[debug] [2020-10-22T11:07:45.863Z] [iam] checking project creative-agency-spa for permissions ["firebase.projects.get","firebasehosting.sites.update"]
[debug] [2020-10-22T11:07:45.869Z] > refreshing access token with scopes: ["email","https://www.googleapis.com/auth/cloud-platform","https://www.googleapis.com/auth/cloudplatformprojects.readonly","https://www.googleapis.com/auth/firebase","openid"]
[debug] [2020-10-22T11:07:45.870Z] >>> HTTP REQUEST POST https://www.googleapis.com/oauth2/v3/token  
 <request body omitted>
[debug] [2020-10-22T11:07:46.673Z] <<< HTTP RESPONSE 200 {"pragma":"no-cache","date":"Thu, 22 Oct 2020 11:07:46 GMT","cache-control":"no-cache, no-store, max-age=0, must-revalidate","expires":"Mon, 01 Jan 1990 00:00:00 GMT","content-type":"application/json; charset=utf-8","vary":"X-Origin, Referer, Origin,Accept-Encoding","server":"scaffolding on HTTPServer2","x-xss-protection":"0","x-frame-options":"SAMEORIGIN","x-content-type-options":"nosniff","alt-svc":"h3-Q050=\":443\"; ma=2592000,h3-29=\":443\"; ma=2592000,h3-27=\":443\"; ma=2592000,h3-T051=\":443\"; ma=2592000,h3-T050=\":443\"; ma=2592000,h3-Q046=\":443\"; ma=2592000,h3-Q043=\":443\"; ma=2592000,quic=\":443\"; ma=2592000; v=\"46,43\"","accept-ranges":"none","transfer-encoding":"chunked"}
[debug] [2020-10-22T11:07:46.737Z] >>> HTTP REQUEST POST https://cloudresourcemanager.googleapis.com/v1/projects/creative-agency-spa:testIamPermissions  
 {"permissions":["firebase.projects.get","firebasehosting.sites.update"]}
[debug] [2020-10-22T11:07:47.976Z] <<< HTTP RESPONSE 200 {"content-type":"application/json; charset=UTF-8","vary":"X-Origin, Referer, Origin,Accept-Encoding","date":"Thu, 22 Oct 2020 11:07:48 GMT","server":"ESF","cache-control":"private","x-xss-protection":"0","x-frame-options":"SAMEORIGIN","x-content-type-options":"nosniff","server-timing":"gfet4t7; dur=939","alt-svc":"h3-Q050=\":443\"; ma=2592000,h3-29=\":443\"; ma=2592000,h3-T051=\":443\"; ma=2592000,h3-T050=\":443\"; ma=2592000,h3-Q046=\":443\"; ma=2592000,h3-Q043=\":443\"; ma=2592000,quic=\":443\"; ma=2592000; v=\"46,43\"","accept-ranges":"none","transfer-encoding":"chunked"}
[debug] [2020-10-22T11:07:47.980Z] >>> HTTP REQUEST GET https://firebase.googleapis.com/v1beta1/projects/creative-agency-spa  
 
[debug] [2020-10-22T11:07:48.488Z] <<< HTTP RESPONSE 200 {"content-type":"application/json; charset=UTF-8","vary":"X-Origin, Referer, Origin,Accept-Encoding","date":"Thu, 22 Oct 2020 11:07:48 GMT","server":"ESF","cache-control":"private","x-xss-protection":"0","x-frame-options":"SAMEORIGIN","x-content-type-options":"nosniff","alt-svc":"h3-Q050=\":443\"; ma=2592000,h3-29=\":443\"; ma=2592000,h3-T051=\":443\"; ma=2592000,h3-T050=\":443\"; ma=2592000,h3-Q046=\":443\"; ma=2592000,h3-Q043=\":443\"; ma=2592000,quic=\":443\"; ma=2592000; v=\"46,43\"","accept-ranges":"none","transfer-encoding":"chunked"}
[info] 
[info] === Deploying to 'creative-agency-spa'...
[info] 
[info] i  deploying hosting 
[debug] [2020-10-22T11:07:48.531Z] >>> HTTP REQUEST POST https://firebasehosting.googleapis.com/v1beta1/sites/creative-agency-spa/versions  
 {"config":{"rewrites":[{"glob":"**","path":"/index.html"}]},"labels":{"deployment-tool":"cli-firebase"}}
[debug] [2020-10-22T11:08:09.939Z] Error: connect ETIMEDOUT 74.125.200.95:443
    at TCPConnectWrap.afterConnect [as oncomplete] (net.js:1141:16)
[error] 
[error] Error: Server Error. connect ETIMEDOUT 74.125.200.95:443
